# Logfile created on 2015-08-01 22:00:08 +0200 by logger.rb/44203
I, [2015-08-01T22:00:08.036532 #57823]  INFO -- : 0:  RedCloth (4.2.9) from /Users/nikolaid/.rvm/rubies/ruby-2.1.0/lib/ruby/gems/2.1.0/specifications/RedCloth-4.2.9.gemspec
I, [2015-08-01T22:00:09.390845 #57823]  INFO -- : 0:  i18n (0.7.0) from /Users/nikolaid/.rvm/rubies/ruby-2.1.0/lib/ruby/gems/2.1.0/specifications/i18n-0.7.0.gemspec
I, [2015-08-01T22:00:12.015253 #57823]  INFO -- : 0:  json (1.8.3) from /Users/nikolaid/.rvm/rubies/ruby-2.1.0/lib/ruby/gems/2.1.0/specifications/json-1.8.3.gemspec
I, [2015-08-01T22:00:13.299640 #57823]  INFO -- : 0:  minitest (5.7.0) from /Users/nikolaid/.rvm/rubies/ruby-2.1.0/lib/ruby/gems/2.1.0/specifications/minitest-5.7.0.gemspec
I, [2015-08-01T22:00:14.594515 #57823]  INFO -- : 0:  thread_safe (0.3.5) from /Users/nikolaid/.rvm/rubies/ruby-2.1.0/lib/ruby/gems/2.1.0/specifications/thread_safe-0.3.5.gemspec
I, [2015-08-01T22:00:15.914056 #57823]  INFO -- : 0:  tzinfo (1.2.2) from /Users/nikolaid/.rvm/rubies/ruby-2.1.0/lib/ruby/gems/2.1.0/specifications/tzinfo-1.2.2.gemspec
I, [2015-08-01T22:00:18.159280 #57823]  INFO -- : 0:  activesupport (4.2.3) from /Users/nikolaid/.rvm/rubies/ruby-2.1.0/lib/ruby/gems/2.1.0/specifications/activesupport-4.2.3.gemspec
I, [2015-08-01T22:00:19.281768 #57823]  INFO -- : 0:  blankslate (2.1.2.4) from /Users/nikolaid/.rvm/rubies/ruby-2.1.0/lib/ruby/gems/2.1.0/specifications/blankslate-2.1.2.4.gemspec
I, [2015-08-01T22:00:22.035301 #57823]  INFO -- : 0:  hitimes (1.2.2) from /Users/nikolaid/.rvm/rubies/ruby-2.1.0/lib/ruby/gems/2.1.0/specifications/hitimes-1.2.2.gemspec
I, [2015-08-01T22:00:23.127104 #57823]  INFO -- : 0:  timers (4.0.1) from /Users/nikolaid/.rvm/rubies/ruby-2.1.0/lib/ruby/gems/2.1.0/specifications/timers-4.0.1.gemspec
I, [2015-08-01T22:00:24.275256 #57823]  INFO -- : 0:  celluloid (0.16.0) from /Users/nikolaid/.rvm/rubies/ruby-2.1.0/lib/ruby/gems/2.1.0/specifications/celluloid-0.16.0.gemspec
I, [2015-08-01T22:00:26.403172 #57823]  INFO -- : 0:  fast-stemmer (1.0.2) from /Users/nikolaid/.rvm/rubies/ruby-2.1.0/lib/ruby/gems/2.1.0/specifications/fast-stemmer-1.0.2.gemspec
I, [2015-08-01T22:00:27.453683 #57823]  INFO -- : 0:  classifier-reborn (2.0.3) from /Users/nikolaid/.rvm/rubies/ruby-2.1.0/lib/ruby/gems/2.1.0/specifications/classifier-reborn-2.0.3.gemspec
I, [2015-08-01T22:00:28.686101 #57823]  INFO -- : 0:  coffee-script-source (1.9.1.1) from /Users/nikolaid/.rvm/rubies/ruby-2.1.0/lib/ruby/gems/2.1.0/specifications/coffee-script-source-1.9.1.1.gemspec
I, [2015-08-01T22:00:29.662000 #57823]  INFO -- : 0:  execjs (2.5.2) from /Users/nikolaid/.rvm/rubies/ruby-2.1.0/lib/ruby/gems/2.1.0/specifications/execjs-2.5.2.gemspec
I, [2015-08-01T22:00:30.767084 #57823]  INFO -- : 0:  coffee-script (2.4.1) from /Users/nikolaid/.rvm/rubies/ruby-2.1.0/lib/ruby/gems/2.1.0/specifications/coffee-script-2.4.1.gemspec
I, [2015-08-01T22:00:31.728883 #57823]  INFO -- : 0:  colorator (0.1) from /Users/nikolaid/.rvm/rubies/ruby-2.1.0/lib/ruby/gems/2.1.0/specifications/colorator-0.1.gemspec
I, [2015-08-01T22:00:39.742629 #57823]  INFO -- : 0:  ffi (1.9.10) from /Users/nikolaid/.rvm/rubies/ruby-2.1.0/lib/ruby/gems/2.1.0/specifications/ffi-1.9.10.gemspec
I, [2015-08-01T22:00:43.031380 #57823]  INFO -- : 0:  gemoji (2.1.0) from /Users/nikolaid/.rvm/rubies/ruby-2.1.0/lib/ruby/gems/2.1.0/specifications/gemoji-2.1.0.gemspec
I, [2015-08-01T22:00:44.566293 #57823]  INFO -- : 0:  net-dns (0.8.0) from /Users/nikolaid/.rvm/rubies/ruby-2.1.0/lib/ruby/gems/2.1.0/specifications/net-dns-0.8.0.gemspec
I, [2015-08-01T22:00:45.978104 #57823]  INFO -- : 0:  public_suffix (1.5.1) from /Users/nikolaid/.rvm/rubies/ruby-2.1.0/lib/ruby/gems/2.1.0/specifications/public_suffix-1.5.1.gemspec
I, [2015-08-01T22:00:47.044794 #57823]  INFO -- : 0:  github-pages-health-check (0.3.1) from /Users/nikolaid/.rvm/rubies/ruby-2.1.0/lib/ruby/gems/2.1.0/specifications/github-pages-health-check-0.3.1.gemspec
I, [2015-08-01T22:00:48.545173 #57823]  INFO -- : 0:  jekyll-coffeescript (1.0.1) from /Users/nikolaid/.rvm/rubies/ruby-2.1.0/lib/ruby/gems/2.1.0/specifications/jekyll-coffeescript-1.0.1.gemspec
I, [2015-08-01T22:00:49.876792 #57823]  INFO -- : 0:  jekyll-gist (1.2.1) from /Users/nikolaid/.rvm/rubies/ruby-2.1.0/lib/ruby/gems/2.1.0/specifications/jekyll-gist-1.2.1.gemspec
I, [2015-08-01T22:00:50.859798 #57823]  INFO -- : 0:  jekyll-paginate (1.1.0) from /Users/nikolaid/.rvm/rubies/ruby-2.1.0/lib/ruby/gems/2.1.0/specifications/jekyll-paginate-1.1.0.gemspec
I, [2015-08-01T22:00:52.166347 #57823]  INFO -- : 0:  sass (3.4.16) from /Users/nikolaid/.rvm/rubies/ruby-2.1.0/lib/ruby/gems/2.1.0/specifications/sass-3.4.16.gemspec
I, [2015-08-01T22:00:53.319041 #57823]  INFO -- : 0:  jekyll-sass-converter (1.2.0) from /Users/nikolaid/.rvm/rubies/ruby-2.1.0/lib/ruby/gems/2.1.0/specifications/jekyll-sass-converter-1.2.0.gemspec
I, [2015-08-01T22:00:54.496543 #57823]  INFO -- : 0:  rb-fsevent (0.9.5) from /Users/nikolaid/.rvm/rubies/ruby-2.1.0/lib/ruby/gems/2.1.0/specifications/rb-fsevent-0.9.5.gemspec
I, [2015-08-01T22:00:55.569819 #57823]  INFO -- : 0:  rb-inotify (0.9.5) from /Users/nikolaid/.rvm/rubies/ruby-2.1.0/lib/ruby/gems/2.1.0/specifications/rb-inotify-0.9.5.gemspec
I, [2015-08-01T22:00:56.733589 #57823]  INFO -- : 0:  listen (2.10.1) from /Users/nikolaid/.rvm/rubies/ruby-2.1.0/lib/ruby/gems/2.1.0/specifications/listen-2.10.1.gemspec
I, [2015-08-01T22:00:57.831617 #57823]  INFO -- : 0:  jekyll-watch (1.2.1) from /Users/nikolaid/.rvm/rubies/ruby-2.1.0/lib/ruby/gems/2.1.0/specifications/jekyll-watch-1.2.1.gemspec
I, [2015-08-01T22:01:01.069174 #57823]  INFO -- : 0:  kramdown (1.5.0) from /Users/nikolaid/.rvm/rubies/ruby-2.1.0/lib/ruby/gems/2.1.0/specifications/kramdown-1.5.0.gemspec
I, [2015-08-01T22:01:02.226040 #57823]  INFO -- : 0:  liquid (2.6.2) from /Users/nikolaid/.rvm/rubies/ruby-2.1.0/lib/ruby/gems/2.1.0/specifications/liquid-2.6.2.gemspec
I, [2015-08-01T22:01:03.227909 #57823]  INFO -- : 0:  mercenary (0.3.5) from /Users/nikolaid/.rvm/rubies/ruby-2.1.0/lib/ruby/gems/2.1.0/specifications/mercenary-0.3.5.gemspec
I, [2015-08-01T22:01:04.820710 #57823]  INFO -- : 0:  posix-spawn (0.3.11) from /Users/nikolaid/.rvm/rubies/ruby-2.1.0/lib/ruby/gems/2.1.0/specifications/posix-spawn-0.3.11.gemspec
I, [2015-08-01T22:01:07.078273 #57823]  INFO -- : 0:  yajl-ruby (1.2.1) from /Users/nikolaid/.rvm/rubies/ruby-2.1.0/lib/ruby/gems/2.1.0/specifications/yajl-ruby-1.2.1.gemspec
I, [2015-08-01T22:01:09.227417 #57823]  INFO -- : 0:  pygments.rb (0.6.3) from /Users/nikolaid/.rvm/rubies/ruby-2.1.0/lib/ruby/gems/2.1.0/specifications/pygments.rb-0.6.3.gemspec
I, [2015-08-01T22:01:11.730492 #57823]  INFO -- : 0:  redcarpet (3.3.1) from /Users/nikolaid/.rvm/rubies/ruby-2.1.0/lib/ruby/gems/2.1.0/specifications/redcarpet-3.3.1.gemspec
I, [2015-08-01T22:01:12.793055 #57823]  INFO -- : 0:  safe_yaml (1.0.4) from /Users/nikolaid/.rvm/rubies/ruby-2.1.0/lib/ruby/gems/2.1.0/specifications/safe_yaml-1.0.4.gemspec
I, [2015-08-01T22:01:14.198271 #57823]  INFO -- : 0:  parslet (1.5.0) from /Users/nikolaid/.rvm/rubies/ruby-2.1.0/lib/ruby/gems/2.1.0/specifications/parslet-1.5.0.gemspec
I, [2015-08-01T22:01:15.255889 #57823]  INFO -- : 0:  toml (0.1.2) from /Users/nikolaid/.rvm/rubies/ruby-2.1.0/lib/ruby/gems/2.1.0/specifications/toml-0.1.2.gemspec
I, [2015-08-01T22:01:16.663878 #57823]  INFO -- : 0:  jekyll (2.4.0) from /Users/nikolaid/.rvm/rubies/ruby-2.1.0/lib/ruby/gems/2.1.0/specifications/jekyll-2.4.0.gemspec
I, [2015-08-01T22:01:17.986658 #57823]  INFO -- : 0:  jekyll-feed (0.3.0) from /Users/nikolaid/.rvm/rubies/ruby-2.1.0/lib/ruby/gems/2.1.0/specifications/jekyll-feed-0.3.0.gemspec
I, [2015-08-01T22:01:19.386678 #57823]  INFO -- : 0:  mini_portile (0.6.2) from /Users/nikolaid/.rvm/rubies/ruby-2.1.0/lib/ruby/gems/2.1.0/specifications/mini_portile-0.6.2.gemspec
I, [2015-08-01T22:02:34.053354 #57823]  INFO -- : 0:  nokogiri (1.6.6.2) from /Users/nikolaid/.rvm/rubies/ruby-2.1.0/lib/ruby/gems/2.1.0/specifications/nokogiri-1.6.6.2.gemspec
I, [2015-08-01T22:02:35.384940 #57823]  INFO -- : 0:  html-pipeline (1.9.0) from /Users/nikolaid/.rvm/rubies/ruby-2.1.0/lib/ruby/gems/2.1.0/specifications/html-pipeline-1.9.0.gemspec
I, [2015-08-01T22:02:36.560626 #57823]  INFO -- : 0:  jekyll-mentions (0.2.1) from /Users/nikolaid/.rvm/rubies/ruby-2.1.0/lib/ruby/gems/2.1.0/specifications/jekyll-mentions-0.2.1.gemspec
I, [2015-08-01T22:02:37.719832 #57823]  INFO -- : 0:  jekyll-redirect-from (0.8.0) from /Users/nikolaid/.rvm/rubies/ruby-2.1.0/lib/ruby/gems/2.1.0/specifications/jekyll-redirect-from-0.8.0.gemspec
I, [2015-08-01T22:02:38.798033 #57823]  INFO -- : 0:  jekyll-sitemap (0.8.1) from /Users/nikolaid/.rvm/rubies/ruby-2.1.0/lib/ruby/gems/2.1.0/specifications/jekyll-sitemap-0.8.1.gemspec
I, [2015-08-01T22:02:40.261157 #57823]  INFO -- : 0:  jemoji (0.4.0) from /Users/nikolaid/.rvm/rubies/ruby-2.1.0/lib/ruby/gems/2.1.0/specifications/jemoji-0.4.0.gemspec
I, [2015-08-01T22:02:42.079343 #57823]  INFO -- : 0:  maruku (0.7.0) from /Users/nikolaid/.rvm/rubies/ruby-2.1.0/lib/ruby/gems/2.1.0/specifications/maruku-0.7.0.gemspec
I, [2015-08-01T22:02:45.980823 #57823]  INFO -- : 0:  rdiscount (2.1.7) from /Users/nikolaid/.rvm/rubies/ruby-2.1.0/lib/ruby/gems/2.1.0/specifications/rdiscount-2.1.7.gemspec
I, [2015-08-01T22:02:47.005283 #57823]  INFO -- : 0:  terminal-table (1.5.2) from /Users/nikolaid/.rvm/rubies/ruby-2.1.0/lib/ruby/gems/2.1.0/specifications/terminal-table-1.5.2.gemspec
I, [2015-08-01T22:02:48.344633 #57823]  INFO -- : 0:  github-pages (38) from /Users/nikolaid/.rvm/rubies/ruby-2.1.0/lib/ruby/gems/2.1.0/specifications/github-pages-38.gemspec
I, [2015-08-01T22:02:48.345296 #57823]  INFO -- : 0:  bundler (1.5.1) from /Users/nikolaid/.rvm/rubies/ruby-2.1.0/lib/ruby/gems/2.1.0/specifications/bundler-1.5.1.gemspec
